0 info it worked if it ends with ok
1 verbose cli [ '/Users/jj/.nvm/versions/node/v4.2.1/bin/node',
1 verbose cli   '/Users/jj/.nvm/versions/node/v4.2.1/bin/npm',
1 verbose cli   'run',
1 verbose cli   'start:dev' ]
2 info using npm@3.3.12
3 info using node@v4.2.1
4 verbose run-script [ 'prestart:dev', 'start:dev', 'poststart:dev' ]
5 info lifecycle txt-api@0.0.0~prestart:dev: txt-api@0.0.0
6 silly lifecycle txt-api@0.0.0~prestart:dev: no script for prestart:dev, continuing
7 info lifecycle txt-api@0.0.0~start:dev: txt-api@0.0.0
8 verbose lifecycle txt-api@0.0.0~start:dev: unsafe-perm in lifecycle true
9 verbose lifecycle txt-api@0.0.0~start:dev: PATH: /Users/jj/.nvm/versions/node/v4.2.1/lib/node_modules/npm/bin/node-gyp-bin:/Users/jj/code/txt/txt-api/node_modules/.bin:/Users/jj/.virtualenvs/beacon/bin:/app/halcyon:/app/bin:/app/usr/bin:/app/ghc/bin:/app/cabal/bin:/app/sandbox/bin:/app/sandbox/usr/bin:/Users/jj/.nvm/versions/node/v4.2.1/bin:/Library/Frameworks/Python.framework/Versions/3.4/bin:bin:/opt/boxen/heroku/bin:/opt/boxen/foreman/bin:node_modules/.bin:/opt/boxen/nodenv/shims:/opt/boxen/nodenv/bin:/opt/boxen/bin:/opt/boxen/homebrew/bin:/opt/boxen/homebrew/sbin:/usr/local/bin:/usr/bin:/bin:/usr/sbin:/sbin:/opt/X11/bin
10 verbose lifecycle txt-api@0.0.0~start:dev: CWD: /Users/jj/code/txt/txt-api
11 silly lifecycle txt-api@0.0.0~start:dev: Args: [ '-c', 'babel-node index.js' ]
12 silly lifecycle txt-api@0.0.0~start:dev: Returned: code: 1  signal: null
13 info lifecycle txt-api@0.0.0~start:dev: Failed to exec start:dev script
14 verbose stack Error: txt-api@0.0.0 start:dev: `babel-node index.js`
14 verbose stack Exit status 1
14 verbose stack     at EventEmitter.<anonymous> (/Users/jj/.nvm/versions/node/v4.2.1/lib/node_modules/npm/lib/utils/lifecycle.js:232:16)
14 verbose stack     at emitTwo (events.js:87:13)
14 verbose stack     at EventEmitter.emit (events.js:172:7)
14 verbose stack     at ChildProcess.<anonymous> (/Users/jj/.nvm/versions/node/v4.2.1/lib/node_modules/npm/lib/utils/spawn.js:24:14)
14 verbose stack     at emitTwo (events.js:87:13)
14 verbose stack     at ChildProcess.emit (events.js:172:7)
14 verbose stack     at maybeClose (internal/child_process.js:818:16)
14 verbose stack     at Process.ChildProcess._handle.onexit (internal/child_process.js:211:5)
15 verbose pkgid txt-api@0.0.0
16 verbose cwd /Users/jj/code/txt/txt-api
17 error Darwin 14.5.0
18 error argv "/Users/jj/.nvm/versions/node/v4.2.1/bin/node" "/Users/jj/.nvm/versions/node/v4.2.1/bin/npm" "run" "start:dev"
19 error node v4.2.1
20 error npm  v3.3.12
21 error code ELIFECYCLE
22 error txt-api@0.0.0 start:dev: `babel-node index.js`
22 error Exit status 1
23 error Failed at the txt-api@0.0.0 start:dev script 'babel-node index.js'.
23 error Make sure you have the latest version of node.js and npm installed.
23 error If you do, this is most likely a problem with the txt-api package,
23 error not with npm itself.
23 error Tell the author that this fails on your system:
23 error     babel-node index.js
23 error You can get their info via:
23 error     npm owner ls txt-api
23 error There is likely additional logging output above.
24 verbose exit [ 1, true ]
